2018-08-25 22:16:58,685 [Thread-7:123145541758976] [default:22] [middleware:process_exception] [ERROR]- Traceback (most recent call last):
  File "/Users/mmt/PycharmProjects/.django-1.11/lib/python3.6/site-packages/django/core/handlers/base.py", line 185, in _get_response
    response = wrapped_callback(request, *callback_args, **callback_kwargs)
  File "/Users/mmt/PycharmProjects/.django-1.11/lib/python3.6/site-packages/django/views/decorators/csrf.py", line 58, in wrapped_view
    return view_func(*args, **kwargs)
  File "/Users/mmt/PycharmProjects/.django-1.11/lib/python3.6/site-packages/rest_framework/viewsets.py", line 95, in view
    return self.dispatch(request, *args, **kwargs)
  File "/Users/mmt/PycharmProjects/.django-1.11/lib/python3.6/site-packages/rest_framework/views.py", line 494, in dispatch
    response = self.handle_exception(exc)
  File "/Users/mmt/PycharmProjects/.django-1.11/lib/python3.6/site-packages/rest_framework/views.py", line 454, in handle_exception
    self.raise_uncaught_exception(exc)
  File "/Users/mmt/PycharmProjects/.django-1.11/lib/python3.6/site-packages/rest_framework/views.py", line 491, in dispatch
    response = handler(request, *args, **kwargs)
  File "/Users/mmt/PycharmProjects/djangos/cmdb/apps/search/views.py", line 46, in create
    indices = self.get_indices(data["indices"])
  File "/Users/mmt/PycharmProjects/djangos/cmdb/apps/search/views.py", line 72, in get_indices
    return [index + ".." for index in super().get_indices(input_indices)]
  File "/Users/mmt/PycharmProjects/djangos/cmdb/apps/search/views.py", line 22, in get_indices
    tables = mgmt_models.Table.all()
AttributeError: type object 'Table' has no attribute 'all'

2018-08-25 22:18:29,132 [Thread-8:123145335685120] [default:22] [middleware:process_exception] [ERROR]- Traceback (most recent call last):
  File "/Users/mmt/PycharmProjects/.django-1.11/lib/python3.6/site-packages/django/core/handlers/base.py", line 185, in _get_response
    response = wrapped_callback(request, *callback_args, **callback_kwargs)
  File "/Users/mmt/PycharmProjects/.django-1.11/lib/python3.6/site-packages/django/views/decorators/csrf.py", line 58, in wrapped_view
    return view_func(*args, **kwargs)
  File "/Users/mmt/PycharmProjects/.django-1.11/lib/python3.6/site-packages/rest_framework/viewsets.py", line 95, in view
    return self.dispatch(request, *args, **kwargs)
  File "/Users/mmt/PycharmProjects/.django-1.11/lib/python3.6/site-packages/rest_framework/views.py", line 494, in dispatch
    response = self.handle_exception(exc)
  File "/Users/mmt/PycharmProjects/.django-1.11/lib/python3.6/site-packages/rest_framework/views.py", line 454, in handle_exception
    self.raise_uncaught_exception(exc)
  File "/Users/mmt/PycharmProjects/.django-1.11/lib/python3.6/site-packages/rest_framework/views.py", line 491, in dispatch
    response = handler(request, *args, **kwargs)
  File "/Users/mmt/PycharmProjects/djangos/cmdb/apps/search/views.py", line 46, in create
    indices = self.get_indices(data["indices"])
  File "/Users/mmt/PycharmProjects/djangos/cmdb/apps/search/views.py", line 72, in get_indices
    return [index + ".." for index in super().get_indices(input_indices)]
  File "/Users/mmt/PycharmProjects/djangos/cmdb/apps/search/views.py", line 27, in get_indices
    permissions = self.request.user.get_all_permissions()
  File "/Users/mmt/PycharmProjects/djangos/cmdb/apps/mgmt/models.py", line 72, in get_all_permissions
    self._get_all_permissions_by_cache(time.time()//settings.PERMISSION_CACHE_TIME)
  File "/Users/mmt/PycharmProjects/djangos/cmdb/apps/mgmt/models.py", line 67, in _get_all_permissions_by_cache
    return self.get_all_permissions()
  File "/Users/mmt/PycharmProjects/djangos/cmdb/apps/mgmt/models.py", line 72, in get_all_permissions
    self._get_all_permissions_by_cache(time.time()//settings.PERMISSION_CACHE_TIME)
  File "/Users/mmt/PycharmProjects/djangos/cmdb/apps/mgmt/models.py", line 67, in _get_all_permissions_by_cache
    return self.get_all_permissions()
  File "/Users/mmt/PycharmProjects/djangos/cmdb/apps/mgmt/models.py", line 72, in get_all_permissions
    self._get_all_permissions_by_cache(time.time()//settings.PERMISSION_CACHE_TIME)
  File "/Users/mmt/PycharmProjects/djangos/cmdb/apps/mgmt/models.py", line 67, in _get_all_permissions_by_cache
    return self.get_all_permissions()
  File "/Users/mmt/PycharmProjects/djangos/cmdb/apps/mgmt/models.py", line 72, in get_all_permissions
    self._get_all_permissions_by_cache(time.time()//settings.PERMISSION_CACHE_TIME)
  File "/Users/mmt/PycharmProjects/djangos/cmdb/apps/mgmt/models.py", line 67, in _get_all_permissions_by_cache
    return self.get_all_permissions()
  File "/Users/mmt/PycharmProjects/djangos/cmdb/apps/mgmt/models.py", line 72, in get_all_permissions
    self._get_all_permissions_by_cache(time.time()//settings.PERMISSION_CACHE_TIME)
  File "/Users/mmt/PycharmProjects/djangos/cmdb/apps/mgmt/models.py", line 67, in _get_all_permissions_by_cache
    return self.get_all_permissions()
  File "/Users/mmt/PycharmProjects/djangos/cmdb/apps/mgmt/models.py", line 72, in get_all_permissions
    self._get_all_permissions_by_cache(time.time()//settings.PERMISSION_CACHE_TIME)
  File "/Users/mmt/PycharmProjects/djangos/cmdb/apps/mgmt/models.py", line 67, in _get_all_permissions_by_cache
    return self.get_all_permissions()
  File "/Users/mmt/PycharmProjects/djangos/cmdb/apps/mgmt/models.py", line 72, in get_all_permissions
    self._get_all_permissions_by_cache(time.time()//settings.PERMISSION_CACHE_TIME)
  File "/Users/mmt/PycharmProjects/djangos/cmdb/apps/mgmt/models.py", line 67, in _get_all_permissions_by_cache
    return self.get_all_permissions()
  File "/Users/mmt/PycharmProjects/djangos/cmdb/apps/mgmt/models.py", line 72, in get_all_permissions
    self._get_all_permissions_by_cache(time.time()//settings.PERMISSION_CACHE_TIME)
  File "/Users/mmt/PycharmProjects/djangos/cmdb/apps/mgmt/models.py", line 67, in _get_all_permissions_by_cache
    return self.get_all_permissions()
  File "/Users/mmt/PycharmProjects/djangos/cmdb/apps/mgmt/models.py", line 72, in get_all_permissions
    self._get_all_permissions_by_cache(time.time()//settings.PERMISSION_CACHE_TIME)
  File "/Users/mmt/PycharmProjects/djangos/cmdb/apps/mgmt/models.py", line 67, in _get_all_permissions_by_cache
    return self.get_all_permissions()
  File "/Users/mmt/PycharmProjects/djangos/cmdb/apps/mgmt/models.py", line 72, in get_all_permissions
    self._get_all_permissions_by_cache(time.time()//settings.PERMISSION_CACHE_TIME)
  File "/Users/mmt/PycharmProjects/djangos/cmdb/apps/mgmt/models.py", line 67, in _get_all_permissions_by_cache
    return self.get_all_permissions()
  File "/Users/mmt/PycharmProjects/djangos/cmdb/apps/mgmt/models.py", line 72, in get_all_permissions
    self._get_all_permissions_by_cache(time.time()//settings.PERMISSION_CACHE_TIME)
  File "/Users/mmt/PycharmProjects/djangos/cmdb/apps/mgmt/models.py", line 67, in _get_all_permissions_by_cache
    return self.get_all_permissions()
  File "/Users/mmt/PycharmProjects/djangos/cmdb/apps/mgmt/models.py", line 72, in get_all_permissions
    self._get_all_permissions_by_cache(time.time()//settings.PERMISSION_CACHE_TIME)
  File "/Users/mmt/PycharmProjects/djangos/cmdb/apps/mgmt/models.py", line 67, in _get_all_permissions_by_cache
    return self.get_all_permissions()
  File "/Users/mmt/PycharmProjects/djangos/cmdb/apps/mgmt/models.py", line 72, in get_all_permissions
    self._get_all_permissions_by_cache(time.time()//settings.PERMISSION_CACHE_TIME)
  File "/Users/mmt/PycharmProjects/djangos/cmdb/apps/mgmt/models.py", line 67, in _get_all_permissions_by_cache
    return self.get_all_permissions()
  File "/Users/mmt/PycharmProjects/djangos/cmdb/apps/mgmt/models.py", line 72, in get_all_permissions
    self._get_all_permissions_by_cache(time.time()//settings.PERMISSION_CACHE_TIME)
  File "/Users/mmt/PycharmProjects/djangos/cmdb/apps/mgmt/models.py", line 67, in _get_all_permissions_by_cache
    return self.get_all_permissions()
  File "/Users/mmt/PycharmProjects/djangos/cmdb/apps/mgmt/models.py", line 72, in get_all_permissions
    self._get_all_permissions_by_cache(time.time()//settings.PERMISSION_CACHE_TIME)
  File "/Users/mmt/PycharmProjects/djangos/cmdb/apps/mgmt/models.py", line 67, in _get_all_permissions_by_cache
    return self.get_all_permissions()
  File "/Users/mmt/PycharmProjects/djangos/cmdb/apps/mgmt/models.py", line 72, in get_all_permissions
    self._get_all_permissions_by_cache(time.time()//settings.PERMISSION_CACHE_TIME)
  File "/Users/mmt/PycharmProjects/djangos/cmdb/apps/mgmt/models.py", line 67, in _get_all_permissions_by_cache
    return self.get_all_permissions()
  File "/Users/mmt/PycharmProjects/djangos/cmdb/apps/mgmt/models.py", line 72, in get_all_permissions
    self._get_all_permissions_by_cache(time.time()//settings.PERMISSION_CACHE_TIME)
  File "/Users/mmt/PycharmProjects/djangos/cmdb/apps/mgmt/models.py", line 67, in _get_all_permissions_by_cache
    return self.get_all_permissions()
  File "/Users/mmt/PycharmProjects/djangos/cmdb/apps/mgmt/models.py", line 72, in get_all_permissions
    self._get_all_permissions_by_cache(time.time()//settings.PERMISSION_CACHE_TIME)
  File "/Users/mmt/PycharmProjects/djangos/cmdb/apps/mgmt/models.py", line 67, in _get_all_permissions_by_cache
    return self.get_all_permissions()
  File "/Users/mmt/PycharmProjects/djangos/cmdb/apps/mgmt/models.py", line 72, in get_all_permissions
    self._get_all_permissions_by_cache(time.time()//settings.PERMISSION_CACHE_TIME)
  File "/Users/mmt/PycharmProjects/djangos/cmdb/apps/mgmt/models.py", line 67, in _get_all_permissions_by_cache
    return self.get_all_permissions()
  File "/Users/mmt/PycharmProjects/djangos/cmdb/apps/mgmt/models.py", line 72, in get_all_permissions
    self._get_all_permissions_by_cache(time.time()//settings.PERMISSION_CACHE_TIME)
  File "/Users/mmt/PycharmProjects/djangos/cmdb/apps/mgmt/models.py", line 67, in _get_all_permissions_by_cache
    return self.get_all_permissions()
  File "/Users/mmt/PycharmProjects/djangos/cmdb/apps/mgmt/models.py", line 72, in get_all_permissions
    self._get_all_permissions_by_cache(time.time()//settings.PERMISSION_CACHE_TIME)
  File "/Users/mmt/PycharmProjects/djangos/cmdb/apps/mgmt/models.py", line 67, in _get_all_permissions_by_cache
    return self.get_all_permissions()
  File "/Users/mmt/PycharmProjects/djangos/cmdb/apps/mgmt/models.py", line 72, in get_all_permissions
    self._get_all_permissions_by_cache(time.time()//settings.PERMISSION_CACHE_TIME)
  File "/Users/mmt/PycharmProjects/djangos/cmdb/apps/mgmt/models.py", line 67, in _get_all_permissions_by_cache
    return self.get_all_permissions()
  File "/Users/mmt/PycharmProjects/djangos/cmdb/apps/mgmt/models.py", line 72, in get_all_permissions
    self._get_all_permissions_by_cache(time.time()//settings.PERMISSION_CACHE_TIME)
  File "/Users/mmt/PycharmProjects/djangos/cmdb/apps/mgmt/models.py", line 67, in _get_all_permissions_by_cache
    return self.get_all_permissions()
  File "/Users/mmt/PycharmProjects/djangos/cmdb/apps/mgmt/models.py", line 72, in get_all_permissions
    self._get_all_permissions_by_cache(time.time()//settings.PERMISSION_CACHE_TIME)
  File "/Users/mmt/PycharmProjects/djangos/cmdb/apps/mgmt/models.py", line 67, in _get_all_permissions_by_cache
    return self.get_all_permissions()
  File "/Users/mmt/PycharmProjects/djangos/cmdb/apps/mgmt/models.py", line 72, in get_all_permissions
    self._get_all_permissions_by_cache(time.time()//settings.PERMISSION_CACHE_TIME)
  File "/Users/mmt/PycharmProjects/djangos/cmdb/apps/mgmt/models.py", line 67, in _get_all_permissions_by_cache
    return self.get_all_permissions()
  File "/Users/mmt/PycharmProjects/djangos/cmdb/apps/mgmt/models.py", line 72, in get_all_permissions
    self._get_all_permissions_by_cache(time.time()//settings.PERMISSION_CACHE_TIME)
  File "/Users/mmt/PycharmProjects/djangos/cmdb/apps/mgmt/models.py", line 67, in _get_all_permissions_by_cache
    return self.get_all_permissions()
  File "/Users/mmt/PycharmProjects/djangos/cmdb/apps/mgmt/models.py", line 72, in get_all_permissions
    self._get_all_permissions_by_cache(time.time()//settings.PERMISSION_CACHE_TIME)
  File "/Users/mmt/PycharmProjects/djangos/cmdb/apps/mgmt/models.py", line 67, in _get_all_permissions_by_cache
    return self.get_all_permissions()
  File "/Users/mmt/PycharmProjects/djangos/cmdb/apps/mgmt/models.py", line 72, in get_all_permissions
    self._get_all_permissions_by_cache(time.time()//settings.PERMISSION_CACHE_TIME)
  File "/Users/mmt/PycharmProjects/djangos/cmdb/apps/mgmt/models.py", line 67, in _get_all_permissions_by_cache
    return self.get_all_permissions()
  File "/Users/mmt/PycharmProjects/djangos/cmdb/apps/mgmt/models.py", line 72, in get_all_permissions
    self._get_all_permissions_by_cache(time.time()//settings.PERMISSION_CACHE_TIME)
  File "/Users/mmt/PycharmProjects/djangos/cmdb/apps/mgmt/models.py", line 67, in _get_all_permissions_by_cache
    return self.get_all_permissions()
  File "/Users/mmt/PycharmProjects/djangos/cmdb/apps/mgmt/models.py", line 72, in get_all_permissions
    self._get_all_permissions_by_cache(time.time()//settings.PERMISSION_CACHE_TIME)
  File "/Users/mmt/PycharmProjects/djangos/cmdb/apps/mgmt/models.py", line 67, in _get_all_permissions_by_cache
    return self.get_all_permissions()
  File "/Users/mmt/PycharmProjects/djangos/cmdb/apps/mgmt/models.py", line 72, in get_all_permissions
    self._get_all_permissions_by_cache(time.time()//settings.PERMISSION_CACHE_TIME)
  File "/Users/mmt/PycharmProjects/djangos/cmdb/apps/mgmt/models.py", line 67, in _get_all_permissions_by_cache
    return self.get_all_permissions()
  File "/Users/mmt/PycharmProjects/djangos/cmdb/apps/mgmt/models.py", line 72, in get_all_permissions
    self._get_all_permissions_by_cache(time.time()//settings.PERMISSION_CACHE_TIME)
  File "/Users/mmt/PycharmProjects/djangos/cmdb/apps/mgmt/models.py", line 67, in _get_all_permissions_by_cache
    return self.get_all_permissions()
  File "/Users/mmt/PycharmProjects/djangos/cmdb/apps/mgmt/models.py", line 72, in get_all_permissions
    self._get_all_permissions_by_cache(time.time()//settings.PERMISSION_CACHE_TIME)
  File "/Users/mmt/PycharmProjects/djangos/cmdb/apps/mgmt/models.py", line 67, in _get_all_permissions_by_cache
    return self.get_all_permissions()
  File "/Users/mmt/PycharmProjects/djangos/cmdb/apps/mgmt/models.py", line 72, in get_all_permissions
    self._get_all_permissions_by_cache(time.time()//settings.PERMISSION_CACHE_TIME)
  File "/Users/mmt/PycharmProjects/djangos/cmdb/apps/mgmt/models.py", line 67, in _get_all_permissions_by_cache
    return self.get_all_permissions()
  File "/Users/mmt/PycharmProjects/djangos/cmdb/apps/mgmt/models.py", line 72, in get_all_permissions
    self._get_all_permissions_by_cache(time.time()//settings.PERMISSION_CACHE_TIME)
  File "/Users/mmt/PycharmProjects/djangos/cmdb/apps/mgmt/models.py", line 67, in _get_all_permissions_by_cache
    return self.get_all_permissions()
  File "/Users/mmt/PycharmProjects/djangos/cmdb/apps/mgmt/models.py", line 72, in get_all_permissions
    self._get_all_permissions_by_cache(time.time()//settings.PERMISSION_CACHE_TIME)
  File "/Users/mmt/PycharmProjects/djangos/cmdb/apps/mgmt/models.py", line 67, in _get_all_permissions_by_cache
    return self.get_all_permissions()
  File "/Users/mmt/PycharmProjects/djangos/cmdb/apps/mgmt/models.py", line 72, in get_all_permissions
    self._get_all_permissions_by_cache(time.time()//settings.PERMISSION_CACHE_TIME)
  File "/Users/mmt/PycharmProjects/djangos/cmdb/apps/mgmt/models.py", line 67, in _get_all_permissions_by_cache
    return self.get_all_permissions()
  File "/Users/mmt/PycharmProjects/djangos/cmdb/apps/mgmt/models.py", line 72, in get_all_permissions
    self._get_all_permissions_by_cache(time.time()//settings.PERMISSION_CACHE_TIME)
  File "/Users/mmt/PycharmProjects/djangos/cmdb/apps/mgmt/models.py", line 67, in _get_all_permissions_by_cache
    return self.get_all_permissions()
  File "/Users/mmt/PycharmProjects/djangos/cmdb/apps/mgmt/models.py", line 72, in get_all_permissions
    self._get_all_permissions_by_cache(time.time()//settings.PERMISSION_CACHE_TIME)
  File "/Users/mmt/PycharmProjects/djangos/cmdb/apps/mgmt/models.py", line 67, in _get_all_permissions_by_cache
    return self.get_all_permissions()
  File "/Users/mmt/PycharmProjects/djangos/cmdb/apps/mgmt/models.py", line 72, in get_all_permissions
    self._get_all_permissions_by_cache(time.time()//settings.PERMISSION_CACHE_TIME)
  File "/Users/mmt/PycharmProjects/djangos/cmdb/apps/mgmt/models.py", line 67, in _get_all_permissions_by_cache
    return self.get_all_permissions()
  File "/Users/mmt/PycharmProjects/djangos/cmdb/apps/mgmt/models.py", line 72, in get_all_permissions
    self._get_all_permissions_by_cache(time.time()//settings.PERMISSION_CACHE_TIME)
  File "/Users/mmt/PycharmProjects/djangos/cmdb/apps/mgmt/models.py", line 67, in _get_all_permissions_by_cache
    return self.get_all_permissions()
  File "/Users/mmt/PycharmProjects/djangos/cmdb/apps/mgmt/models.py", line 72, in get_all_permissions
    self._get_all_permissions_by_cache(time.time()//settings.PERMISSION_CACHE_TIME)
  File "/Users/mmt/PycharmProjects/djangos/cmdb/apps/mgmt/models.py", line 67, in _get_all_permissions_by_cache
    return self.get_all_permissions()
  File "/Users/mmt/PycharmProjects/djangos/cmdb/apps/mgmt/models.py", line 72, in get_all_permissions
    self._get_all_permissions_by_cache(time.time()//settings.PERMISSION_CACHE_TIME)
  File "/Users/mmt/PycharmProjects/djangos/cmdb/apps/mgmt/models.py", line 67, in _get_all_permissions_by_cache
    return self.get_all_permissions()
  File "/Users/mmt/PycharmProjects/djangos/cmdb/apps/mgmt/models.py", line 72, in get_all_permissions
    self._get_all_permissions_by_cache(time.time()//settings.PERMISSION_CACHE_TIME)
  File "/Users/mmt/PycharmProjects/djangos/cmdb/apps/mgmt/models.py", line 67, in _get_all_permissions_by_cache
    return self.get_all_permissions()
  File "/Users/mmt/PycharmProjects/djangos/cmdb/apps/mgmt/models.py", line 72, in get_all_permissions
    self._get_all_permissions_by_cache(time.time()//settings.PERMISSION_CACHE_TIME)
  File "/Users/mmt/PycharmProjects/djangos/cmdb/apps/mgmt/models.py", line 67, in _get_all_permissions_by_cache
    return self.get_all_permissions()
  File "/Users/mmt/PycharmProjects/djangos/cmdb/apps/mgmt/models.py", line 72, in get_all_permissions
    self._get_all_permissions_by_cache(time.time()//settings.PERMISSION_CACHE_TIME)
  File "/Users/mmt/PycharmProjects/djangos/cmdb/apps/mgmt/models.py", line 67, in _get_all_permissions_by_cache
    return self.get_all_permissions()
  File "/Users/mmt/PycharmProjects/djangos/cmdb/apps/mgmt/models.py", line 72, in get_all_permissions
    self._get_all_permissions_by_cache(time.time()//settings.PERMISSION_CACHE_TIME)
  File "/Users/mmt/PycharmProjects/djangos/cmdb/apps/mgmt/models.py", line 67, in _get_all_permissions_by_cache
    return self.get_all_permissions()
  File "/Users/mmt/PycharmProjects/djangos/cmdb/apps/mgmt/models.py", line 72, in get_all_permissions
    self._get_all_permissions_by_cache(time.time()//settings.PERMISSION_CACHE_TIME)
  File "/Users/mmt/PycharmProjects/djangos/cmdb/apps/mgmt/models.py", line 67, in _get_all_permissions_by_cache
    return self.get_all_permissions()
  File "/Users/mmt/PycharmProjects/djangos/cmdb/apps/mgmt/models.py", line 72, in get_all_permissions
    self._get_all_permissions_by_cache(time.time()//settings.PERMISSION_CACHE_TIME)
  File "/Users/mmt/PycharmProjects/djangos/cmdb/apps/mgmt/models.py", line 67, in _get_all_permissions_by_cache
    return self.get_all_permissions()
  File "/Users/mmt/PycharmProjects/djangos/cmdb/apps/mgmt/models.py", line 72, in get_all_permissions
    self._get_all_permissions_by_cache(time.time()//settings.PERMISSION_CACHE_TIME)
  File "/Users/mmt/PycharmProjects/djangos/cmdb/apps/mgmt/models.py", line 67, in _get_all_permissions_by_cache
    return self.get_all_permissions()
  File "/Users/mmt/PycharmProjects/djangos/cmdb/apps/mgmt/models.py", line 72, in get_all_permissions
    self._get_all_permissions_by_cache(time.time()//settings.PERMISSION_CACHE_TIME)
  File "/Users/mmt/PycharmProjects/djangos/cmdb/apps/mgmt/models.py", line 67, in _get_all_permissions_by_cache
    return self.get_all_permissions()
  File "/Users/mmt/PycharmProjects/djangos/cmdb/apps/mgmt/models.py", line 72, in get_all_permissions
    self._get_all_permissions_by_cache(time.time()//settings.PERMISSION_CACHE_TIME)
  File "/Users/mmt/PycharmProjects/djangos/cmdb/apps/mgmt/models.py", line 67, in _get_all_permissions_by_cache
    return self.get_all_permissions()
  File "/Users/mmt/PycharmProjects/djangos/cmdb/apps/mgmt/models.py", line 72, in get_all_permissions
    self._get_all_permissions_by_cache(time.time()//settings.PERMISSION_CACHE_TIME)
  File "/Users/mmt/PycharmProjects/djangos/cmdb/apps/mgmt/models.py", line 67, in _get_all_permissions_by_cache
    return self.get_all_permissions()
  File "/Users/mmt/PycharmProjects/djangos/cmdb/apps/mgmt/models.py", line 72, in get_all_permissions
    self._get_all_permissions_by_cache(time.time()//settings.PERMISSION_CACHE_TIME)
  File "/Users/mmt/PycharmProjects/djangos/cmdb/apps/mgmt/models.py", line 67, in _get_all_permissions_by_cache
    return self.get_all_permissions()
  File "/Users/mmt/PycharmProjects/djangos/cmdb/apps/mgmt/models.py", line 72, in get_all_permissions
    self._get_all_permissions_by_cache(time.time()//settings.PERMISSION_CACHE_TIME)
  File "/Users/mmt/PycharmProjects/djangos/cmdb/apps/mgmt/models.py", line 67, in _get_all_permissions_by_cache
    return self.get_all_permissions()
  File "/Users/mmt/PycharmProjects/djangos/cmdb/apps/mgmt/models.py", line 72, in get_all_permissions
    self._get_all_permissions_by_cache(time.time()//settings.PERMISSION_CACHE_TIME)
  File "/Users/mmt/PycharmProjects/djangos/cmdb/apps/mgmt/models.py", line 67, in _get_all_permissions_by_cache
    return self.get_all_permissions()
  File "/Users/mmt/PycharmProjects/djangos/cmdb/apps/mgmt/models.py", line 72, in get_all_permissions
    self._get_all_permissions_by_cache(time.time()//settings.PERMISSION_CACHE_TIME)
  File "/Users/mmt/PycharmProjects/djangos/cmdb/apps/mgmt/models.py", line 67, in _get_all_permissions_by_cache
    return self.get_all_permissions()
  File "/Users/mmt/PycharmProjects/djangos/cmdb/apps/mgmt/models.py", line 72, in get_all_permissions
    self._get_all_permissions_by_cache(time.time()//settings.PERMISSION_CACHE_TIME)
  File "/Users/mmt/PycharmProjects/djangos/cmdb/apps/mgmt/models.py", line 67, in _get_all_permissions_by_cache
    return self.get_all_permissions()
  File "/Users/mmt/PycharmProjects/djangos/cmdb/apps/mgmt/models.py", line 72, in get_all_permissions
    self._get_all_permissions_by_cache(time.time()//settings.PERMISSION_CACHE_TIME)
  File "/Users/mmt/PycharmProjects/djangos/cmdb/apps/mgmt/models.py", line 67, in _get_all_permissions_by_cache
    return self.get_all_permissions()
  File "/Users/mmt/PycharmProjects/djangos/cmdb/apps/mgmt/models.py", line 72, in get_all_permissions
    self._get_all_permissions_by_cache(time.time()//settings.PERMISSION_CACHE_TIME)
  File "/Users/mmt/PycharmProjects/djangos/cmdb/apps/mgmt/models.py", line 67, in _get_all_permissions_by_cache
    return self.get_all_permissions()
  File "/Users/mmt/PycharmProjects/djangos/cmdb/apps/mgmt/models.py", line 72, in get_all_permissions
    self._get_all_permissions_by_cache(time.time()//settings.PERMISSION_CACHE_TIME)
  File "/Users/mmt/PycharmProjects/djangos/cmdb/apps/mgmt/models.py", line 67, in _get_all_permissions_by_cache
    return self.get_all_permissions()
  File "/Users/mmt/PycharmProjects/djangos/cmdb/apps/mgmt/models.py", line 72, in get_all_permissions
    self._get_all_permissions_by_cache(time.time()//settings.PERMISSION_CACHE_TIME)
  File "/Users/mmt/PycharmProjects/djangos/cmdb/apps/mgmt/models.py", line 67, in _get_all_permissions_by_cache
    return self.get_all_permissions()
  File "/Users/mmt/PycharmProjects/djangos/cmdb/apps/mgmt/models.py", line 72, in get_all_permissions
    self._get_all_permissions_by_cache(time.time()//settings.PERMISSION_CACHE_TIME)
  File "/Users/mmt/PycharmProjects/djangos/cmdb/apps/mgmt/models.py", line 67, in _get_all_permissions_by_cache
    return self.get_all_permissions()
  File "/Users/mmt/PycharmProjects/djangos/cmdb/apps/mgmt/models.py", line 72, in get_all_permissions
    self._get_all_permissions_by_cache(time.time()//settings.PERMISSION_CACHE_TIME)
  File "/Users/mmt/PycharmProjects/djangos/cmdb/apps/mgmt/models.py", line 67, in _get_all_permissions_by_cache
    return self.get_all_permissions()
  File "/Users/mmt/PycharmProjects/djangos/cmdb/apps/mgmt/models.py", line 72, in get_all_permissions
    self._get_all_permissions_by_cache(time.time()//settings.PERMISSION_CACHE_TIME)
  File "/Users/mmt/PycharmProjects/djangos/cmdb/apps/mgmt/models.py", line 67, in _get_all_permissions_by_cache
    return self.get_all_permissions()
  File "/Users/mmt/PycharmProjects/djangos/cmdb/apps/mgmt/models.py", line 72, in get_all_permissions
    self._get_all_permissions_by_cache(time.time()//settings.PERMISSION_CACHE_TIME)
  File "/Users/mmt/PycharmProjects/djangos/cmdb/apps/mgmt/models.py", line 67, in _get_all_permissions_by_cache
    return self.get_all_permissions()
  File "/Users/mmt/PycharmProjects/djangos/cmdb/apps/mgmt/models.py", line 72, in get_all_permissions
    self._get_all_permissions_by_cache(time.time()//settings.PERMISSION_CACHE_TIME)
  File "/Users/mmt/PycharmProjects/djangos/cmdb/apps/mgmt/models.py", line 67, in _get_all_permissions_by_cache
    return self.get_all_permissions()
  File "/Users/mmt/PycharmProjects/djangos/cmdb/apps/mgmt/models.py", line 72, in get_all_permissions
    self._get_all_permissions_by_cache(time.time()//settings.PERMISSION_CACHE_TIME)
  File "/Users/mmt/PycharmProjects/djangos/cmdb/apps/mgmt/models.py", line 67, in _get_all_permissions_by_cache
    return self.get_all_permissions()
  File "/Users/mmt/PycharmProjects/djangos/cmdb/apps/mgmt/models.py", line 72, in get_all_permissions
    self._get_all_permissions_by_cache(time.time()//settings.PERMISSION_CACHE_TIME)
  File "/Users/mmt/PycharmProjects/djangos/cmdb/apps/mgmt/models.py", line 67, in _get_all_permissions_by_cache
    return self.get_all_permissions()
  File "/Users/mmt/PycharmProjects/djangos/cmdb/apps/mgmt/models.py", line 72, in get_all_permissions
    self._get_all_permissions_by_cache(time.time()//settings.PERMISSION_CACHE_TIME)
  File "/Users/mmt/PycharmProjects/djangos/cmdb/apps/mgmt/models.py", line 67, in _get_all_permissions_by_cache
    return self.get_all_permissions()
  File "/Users/mmt/PycharmProjects/djangos/cmdb/apps/mgmt/models.py", line 72, in get_all_permissions
    self._get_all_permissions_by_cache(time.time()//settings.PERMISSION_CACHE_TIME)
  File "/Users/mmt/PycharmProjects/djangos/cmdb/apps/mgmt/models.py", line 67, in _get_all_permissions_by_cache
    return self.get_all_permissions()
  File "/Users/mmt/PycharmProjects/djangos/cmdb/apps/mgmt/models.py", line 72, in get_all_permissions
    self._get_all_permissions_by_cache(time.time()//settings.PERMISSION_CACHE_TIME)
  File "/Users/mmt/PycharmProjects/djangos/cmdb/apps/mgmt/models.py", line 67, in _get_all_permissions_by_cache
    return self.get_all_permissions()
  File "/Users/mmt/PycharmProjects/djangos/cmdb/apps/mgmt/models.py", line 72, in get_all_permissions
    self._get_all_permissions_by_cache(time.time()//settings.PERMISSION_CACHE_TIME)
  File "/Users/mmt/PycharmProjects/djangos/cmdb/apps/mgmt/models.py", line 67, in _get_all_permissions_by_cache
    return self.get_all_permissions()
  File "/Users/mmt/PycharmProjects/djangos/cmdb/apps/mgmt/models.py", line 72, in get_all_permissions
    self._get_all_permissions_by_cache(time.time()//settings.PERMISSION_CACHE_TIME)
  File "/Users/mmt/PycharmProjects/djangos/cmdb/apps/mgmt/models.py", line 67, in _get_all_permissions_by_cache
    return self.get_all_permissions()
  File "/Users/mmt/PycharmProjects/djangos/cmdb/apps/mgmt/models.py", line 72, in get_all_permissions
    self._get_all_permissions_by_cache(time.time()//settings.PERMISSION_CACHE_TIME)
  File "/Users/mmt/PycharmProjects/djangos/cmdb/apps/mgmt/models.py", line 67, in _get_all_permissions_by_cache
    return self.get_all_permissions()
  File "/Users/mmt/PycharmProjects/djangos/cmdb/apps/mgmt/models.py", line 72, in get_all_permissions
    self._get_all_permissions_by_cache(time.time()//settings.PERMISSION_CACHE_TIME)
  File "/Users/mmt/PycharmProjects/djangos/cmdb/apps/mgmt/models.py", line 67, in _get_all_permissions_by_cache
    return self.get_all_permissions()
  File "/Users/mmt/PycharmProjects/djangos/cmdb/apps/mgmt/models.py", line 72, in get_all_permissions
    self._get_all_permissions_by_cache(time.time()//settings.PERMISSION_CACHE_TIME)
  File "/Users/mmt/PycharmProjects/djangos/cmdb/apps/mgmt/models.py", line 67, in _get_all_permissions_by_cache
    return self.get_all_permissions()
  File "/Users/mmt/PycharmProjects/djangos/cmdb/apps/mgmt/models.py", line 72, in get_all_permissions
    self._get_all_permissions_by_cache(time.time()//settings.PERMISSION_CACHE_TIME)
  File "/Users/mmt/PycharmProjects/djangos/cmdb/apps/mgmt/models.py", line 67, in _get_all_permissions_by_cache
    return self.get_all_permissions()
  File "/Users/mmt/PycharmProjects/djangos/cmdb/apps/mgmt/models.py", line 72, in get_all_permissions
    self._get_all_permissions_by_cache(time.time()//settings.PERMISSION_CACHE_TIME)
  File "/Users/mmt/PycharmProjects/djangos/cmdb/apps/mgmt/models.py", line 67, in _get_all_permissions_by_cache
    return self.get_all_permissions()
  File "/Users/mmt/PycharmProjects/djangos/cmdb/apps/mgmt/models.py", line 72, in get_all_permissions
    self._get_all_permissions_by_cache(time.time()//settings.PERMISSION_CACHE_TIME)
  File "/Users/mmt/PycharmProjects/djangos/cmdb/apps/mgmt/models.py", line 67, in _get_all_permissions_by_cache
    return self.get_all_permissions()
  File "/Users/mmt/PycharmProjects/djangos/cmdb/apps/mgmt/models.py", line 72, in get_all_permissions
    self._get_all_permissions_by_cache(time.time()//settings.PERMISSION_CACHE_TIME)
  File "/Users/mmt/PycharmProjects/djangos/cmdb/apps/mgmt/models.py", line 67, in _get_all_permissions_by_cache
    return self.get_all_permissions()
  File "/Users/mmt/PycharmProjects/djangos/cmdb/apps/mgmt/models.py", line 72, in get_all_permissions
    self._get_all_permissions_by_cache(time.time()//settings.PERMISSION_CACHE_TIME)
  File "/Users/mmt/PycharmProjects/djangos/cmdb/apps/mgmt/models.py", line 67, in _get_all_permissions_by_cache
    return self.get_all_permissions()
  File "/Users/mmt/PycharmProjects/djangos/cmdb/apps/mgmt/models.py", line 72, in get_all_permissions
    self._get_all_permissions_by_cache(time.time()//settings.PERMISSION_CACHE_TIME)
  File "/Users/mmt/PycharmProjects/djangos/cmdb/apps/mgmt/models.py", line 67, in _get_all_permissions_by_cache
    return self.get_all_permissions()
  File "/Users/mmt/PycharmProjects/djangos/cmdb/apps/mgmt/models.py", line 72, in get_all_permissions
    self._get_all_permissions_by_cache(time.time()//settings.PERMISSION_CACHE_TIME)
  File "/Users/mmt/PycharmProjects/djangos/cmdb/apps/mgmt/models.py", line 67, in _get_all_permissions_by_cache
    return self.get_all_permissions()
  File "/Users/mmt/PycharmProjects/djangos/cmdb/apps/mgmt/models.py", line 72, in get_all_permissions
    self._get_all_permissions_by_cache(time.time()//settings.PERMISSION_CACHE_TIME)
  File "/Users/mmt/PycharmProjects/djangos/cmdb/apps/mgmt/models.py", line 67, in _get_all_permissions_by_cache
    return self.get_all_permissions()
  File "/Users/mmt/PycharmProjects/djangos/cmdb/apps/mgmt/models.py", line 72, in get_all_permissions
    self._get_all_permissions_by_cache(time.time()//settings.PERMISSION_CACHE_TIME)
  File "/Users/mmt/PycharmProjects/djangos/cmdb/apps/mgmt/models.py", line 67, in _get_all_permissions_by_cache
    return self.get_all_permissions()
  File "/Users/mmt/PycharmProjects/djangos/cmdb/apps/mgmt/models.py", line 72, in get_all_permissions
    self._get_all_permissions_by_cache(time.time()//settings.PERMISSION_CACHE_TIME)
  File "/Users/mmt/PycharmProjects/djangos/cmdb/apps/mgmt/models.py", line 67, in _get_all_permissions_by_cache
    return self.get_all_permissions()
  File "/Users/mmt/PycharmProjects/djangos/cmdb/apps/mgmt/models.py", line 72, in get_all_permissions
    self._get_all_permissions_by_cache(time.time()//settings.PERMISSION_CACHE_TIME)
  File "/Users/mmt/PycharmProjects/djangos/cmdb/apps/mgmt/models.py", line 67, in _get_all_permissions_by_cache
    return self.get_all_permissions()
  File "/Users/mmt/PycharmProjects/djangos/cmdb/apps/mgmt/models.py", line 72, in get_all_permissions
    self._get_all_permissions_by_cache(time.time()//settings.PERMISSION_CACHE_TIME)
  File "/Users/mmt/PycharmProjects/djangos/cmdb/apps/mgmt/models.py", line 67, in _get_all_permissions_by_cache
    return self.get_all_permissions()
  File "/Users/mmt/PycharmProjects/djangos/cmdb/apps/mgmt/models.py", line 72, in get_all_permissions
    self._get_all_permissions_by_cache(time.time()//settings.PERMISSION_CACHE_TIME)
  File "/Users/mmt/PycharmProjects/djangos/cmdb/apps/mgmt/models.py", line 67, in _get_all_permissions_by_cache
    return self.get_all_permissions()
  File "/Users/mmt/PycharmProjects/djangos/cmdb/apps/mgmt/models.py", line 72, in get_all_permissions
    self._get_all_permissions_by_cache(time.time()//settings.PERMISSION_CACHE_TIME)
  File "/Users/mmt/PycharmProjects/djangos/cmdb/apps/mgmt/models.py", line 67, in _get_all_permissions_by_cache
    return self.get_all_permissions()
  File "/Users/mmt/PycharmProjects/djangos/cmdb/apps/mgmt/models.py", line 72, in get_all_permissions
    self._get_all_permissions_by_cache(time.time()//settings.PERMISSION_CACHE_TIME)
  File "/Users/mmt/PycharmProjects/djangos/cmdb/apps/mgmt/models.py", line 67, in _get_all_permissions_by_cache
    return self.get_all_permissions()
  File "/Users/mmt/PycharmProjects/djangos/cmdb/apps/mgmt/models.py", line 72, in get_all_permissions
    self._get_all_permissions_by_cache(time.time()//settings.PERMISSION_CACHE_TIME)
  File "/Users/mmt/PycharmProjects/djangos/cmdb/apps/mgmt/models.py", line 67, in _get_all_permissions_by_cache
    return self.get_all_permissions()
  File "/Users/mmt/PycharmProjects/djangos/cmdb/apps/mgmt/models.py", line 72, in get_all_permissions
    self._get_all_permissions_by_cache(time.time()//settings.PERMISSION_CACHE_TIME)
  File "/Users/mmt/PycharmProjects/djangos/cmdb/apps/mgmt/models.py", line 67, in _get_all_permissions_by_cache
    return self.get_all_permissions()
  File "/Users/mmt/PycharmProjects/djangos/cmdb/apps/mgmt/models.py", line 72, in get_all_permissions
    self._get_all_permissions_by_cache(time.time()//settings.PERMISSION_CACHE_TIME)
  File "/Users/mmt/PycharmProjects/djangos/cmdb/apps/mgmt/models.py", line 67, in _get_all_permissions_by_cache
    return self.get_all_permissions()
  File "/Users/mmt/PycharmProjects/djangos/cmdb/apps/mgmt/models.py", line 72, in get_all_permissions
    self._get_all_permissions_by_cache(time.time()//settings.PERMISSION_CACHE_TIME)
  File "/Users/mmt/PycharmProjects/djangos/cmdb/apps/mgmt/models.py", line 67, in _get_all_permissions_by_cache
    return self.get_all_permissions()
  File "/Users/mmt/PycharmProjects/djangos/cmdb/apps/mgmt/models.py", line 72, in get_all_permissions
    self._get_all_permissions_by_cache(time.time()//settings.PERMISSION_CACHE_TIME)
  File "/Users/mmt/PycharmProjects/djangos/cmdb/apps/mgmt/models.py", line 67, in _get_all_permissions_by_cache
    return self.get_all_permissions()
  File "/Users/mmt/PycharmProjects/djangos/cmdb/apps/mgmt/models.py", line 72, in get_all_permissions
    self._get_all_permissions_by_cache(time.time()//settings.PERMISSION_CACHE_TIME)
  File "/Users/mmt/PycharmProjects/djangos/cmdb/apps/mgmt/models.py", line 67, in _get_all_permissions_by_cache
    return self.get_all_permissions()
  File "/Users/mmt/PycharmProjects/djangos/cmdb/apps/mgmt/models.py", line 72, in get_all_permissions
    self._get_all_permissions_by_cache(time.time()//settings.PERMISSION_CACHE_TIME)
  File "/Users/mmt/PycharmProjects/djangos/cmdb/apps/mgmt/models.py", line 67, in _get_all_permissions_by_cache
    return self.get_all_permissions()
  File "/Users/mmt/PycharmProjects/djangos/cmdb/apps/mgmt/models.py", line 72, in get_all_permissions
    self._get_all_permissions_by_cache(time.time()//settings.PERMISSION_CACHE_TIME)
  File "/Users/mmt/PycharmProjects/djangos/cmdb/apps/mgmt/models.py", line 67, in _get_all_permissions_by_cache
    return self.get_all_permissions()
  File "/Users/mmt/PycharmProjects/djangos/cmdb/apps/mgmt/models.py", line 72, in get_all_permissions
    self._get_all_permissions_by_cache(time.time()//settings.PERMISSION_CACHE_TIME)
  File "/Users/mmt/PycharmProjects/djangos/cmdb/apps/mgmt/models.py", line 67, in _get_all_permissions_by_cache
    return self.get_all_permissions()
  File "/Users/mmt/PycharmProjects/djangos/cmdb/apps/mgmt/models.py", line 72, in get_all_permissions
    self._get_all_permissions_by_cache(time.time()//settings.PERMISSION_CACHE_TIME)
  File "/Users/mmt/PycharmProjects/djangos/cmdb/apps/mgmt/models.py", line 67, in _get_all_permissions_by_cache
    return self.get_all_permissions()
  File "/Users/mmt/PycharmProjects/djangos/cmdb/apps/mgmt/models.py", line 72, in get_all_permissions
    self._get_all_permissions_by_cache(time.time()//settings.PERMISSION_CACHE_TIME)
  File "/Users/mmt/PycharmProjects/djangos/cmdb/apps/mgmt/models.py", line 67, in _get_all_permissions_by_cache
    return self.get_all_permissions()
  File "/Users/mmt/PycharmProjects/djangos/cmdb/apps/mgmt/models.py", line 72, in get_all_permissions
    self._get_all_permissions_by_cache(time.time()//settings.PERMISSION_CACHE_TIME)
  File "/Users/mmt/PycharmProjects/djangos/cmdb/apps/mgmt/models.py", line 67, in _get_all_permissions_by_cache
    return self.get_all_permissions()
  File "/Users/mmt/PycharmProjects/djangos/cmdb/apps/mgmt/models.py", line 72, in get_all_permissions
    self._get_all_permissions_by_cache(time.time()//settings.PERMISSION_CACHE_TIME)
  File "/Users/mmt/PycharmProjects/djangos/cmdb/apps/mgmt/models.py", line 67, in _get_all_permissions_by_cache
    return self.get_all_permissions()
  File "/Users/mmt/PycharmProjects/djangos/cmdb/apps/mgmt/models.py", line 72, in get_all_permissions
    self._get_all_permissions_by_cache(time.time()//settings.PERMISSION_CACHE_TIME)
  File "/Users/mmt/PycharmProjects/djangos/cmdb/apps/mgmt/models.py", line 67, in _get_all_permissions_by_cache
    return self.get_all_permissions()
  File "/Users/mmt/PycharmProjects/djangos/cmdb/apps/mgmt/models.py", line 72, in get_all_permissions
    self._get_all_permissions_by_cache(time.time()//settings.PERMISSION_CACHE_TIME)
  File "/Users/mmt/PycharmProjects/djangos/cmdb/apps/mgmt/models.py", line 67, in _get_all_permissions_by_cache
    return self.get_all_permissions()
  File "/Users/mmt/PycharmProjects/djangos/cmdb/apps/mgmt/models.py", line 72, in get_all_permissions
    self._get_all_permissions_by_cache(time.time()//settings.PERMISSION_CACHE_TIME)
  File "/Users/mmt/PycharmProjects/djangos/cmdb/apps/mgmt/models.py", line 67, in _get_all_permissions_by_cache
    return self.get_all_permissions()
  File "/Users/mmt/PycharmProjects/djangos/cmdb/apps/mgmt/models.py", line 72, in get_all_permissions
    self._get_all_permissions_by_cache(time.time()//settings.PERMISSION_CACHE_TIME)
  File "/Users/mmt/PycharmProjects/djangos/cmdb/apps/mgmt/models.py", line 67, in _get_all_permissions_by_cache
    return self.get_all_permissions()
  File "/Users/mmt/PycharmProjects/djangos/cmdb/apps/mgmt/models.py", line 72, in get_all_permissions
    self._get_all_permissions_by_cache(time.time()//settings.PERMISSION_CACHE_TIME)
  File "/Users/mmt/PycharmProjects/djangos/cmdb/apps/mgmt/models.py", line 67, in _get_all_permissions_by_cache
    return self.get_all_permissions()
  File "/Users/mmt/PycharmProjects/djangos/cmdb/apps/mgmt/models.py", line 72, in get_all_permissions
    self._get_all_permissions_by_cache(time.time()//settings.PERMISSION_CACHE_TIME)
  File "/Users/mmt/PycharmProjects/djangos/cmdb/apps/mgmt/models.py", line 67, in _get_all_permissions_by_cache
    return self.get_all_permissions()
  File "/Users/mmt/PycharmProjects/djangos/cmdb/apps/mgmt/models.py", line 72, in get_all_permissions
    self._get_all_permissions_by_cache(time.time()//settings.PERMISSION_CACHE_TIME)
  File "/Users/mmt/PycharmProjects/djangos/cmdb/apps/mgmt/models.py", line 67, in _get_all_permissions_by_cache
    return self.get_all_permissions()
  File "/Users/mmt/PycharmProjects/djangos/cmdb/apps/mgmt/models.py", line 72, in get_all_permissions
    self._get_all_permissions_by_cache(time.time()//settings.PERMISSION_CACHE_TIME)
  File "/Users/mmt/PycharmProjects/djangos/cmdb/apps/mgmt/models.py", line 67, in _get_all_permissions_by_cache
    return self.get_all_permissions()
  File "/Users/mmt/PycharmProjects/djangos/cmdb/apps/mgmt/models.py", line 72, in get_all_permissions
    self._get_all_permissions_by_cache(time.time()//settings.PERMISSION_CACHE_TIME)
  File "/Users/mmt/PycharmProjects/djangos/cmdb/apps/mgmt/models.py", line 67, in _get_all_permissions_by_cache
    return self.get_all_permissions()
  File "/Users/mmt/PycharmProjects/djangos/cmdb/apps/mgmt/models.py", line 72, in get_all_permissions
    self._get_all_permissions_by_cache(time.time()//settings.PERMISSION_CACHE_TIME)
  File "/Users/mmt/PycharmProjects/djangos/cmdb/apps/mgmt/models.py", line 67, in _get_all_permissions_by_cache
    return self.get_all_permissions()
  File "/Users/mmt/PycharmProjects/djangos/cmdb/apps/mgmt/models.py", line 72, in get_all_permissions
    self._get_all_permissions_by_cache(time.time()//settings.PERMISSION_CACHE_TIME)
  File "/Users/mmt/PycharmProjects/djangos/cmdb/apps/mgmt/models.py", line 67, in _get_all_permissions_by_cache
    return self.get_all_permissions()
  File "/Users/mmt/PycharmProjects/djangos/cmdb/apps/mgmt/models.py", line 72, in get_all_permissions
    self._get_all_permissions_by_cache(time.time()//settings.PERMISSION_CACHE_TIME)
  File "/Users/mmt/PycharmProjects/djangos/cmdb/apps/mgmt/models.py", line 67, in _get_all_permissions_by_cache
    return self.get_all_permissions()
  File "/Users/mmt/PycharmProjects/djangos/cmdb/apps/mgmt/models.py", line 72, in get_all_permissions
    self._get_all_permissions_by_cache(time.time()//settings.PERMISSION_CACHE_TIME)
  File "/Users/mmt/PycharmProjects/djangos/cmdb/apps/mgmt/models.py", line 67, in _get_all_permissions_by_cache
    return self.get_all_permissions()
  File "/Users/mmt/PycharmProjects/djangos/cmdb/apps/mgmt/models.py", line 72, in get_all_permissions
    self._get_all_permissions_by_cache(time.time()//settings.PERMISSION_CACHE_TIME)
  File "/Users/mmt/PycharmProjects/djangos/cmdb/apps/mgmt/models.py", line 67, in _get_all_permissions_by_cache
    return self.get_all_permissions()
  File "/Users/mmt/PycharmProjects/djangos/cmdb/apps/mgmt/models.py", line 72, in get_all_permissions
    self._get_all_permissions_by_cache(time.time()//settings.PERMISSION_CACHE_TIME)
  File "/Users/mmt/PycharmProjects/djangos/cmdb/apps/mgmt/models.py", line 67, in _get_all_permissions_by_cache
    return self.get_all_permissions()
  File "/Users/mmt/PycharmProjects/djangos/cmdb/apps/mgmt/models.py", line 72, in get_all_permissions
    self._get_all_permissions_by_cache(time.time()//settings.PERMISSION_CACHE_TIME)
  File "/Users/mmt/PycharmProjects/djangos/cmdb/apps/mgmt/models.py", line 67, in _get_all_permissions_by_cache
    return self.get_all_permissions()
  File "/Users/mmt/PycharmProjects/djangos/cmdb/apps/mgmt/models.py", line 72, in get_all_permissions
    self._get_all_permissions_by_cache(time.time()//settings.PERMISSION_CACHE_TIME)
  File "/Users/mmt/PycharmProjects/djangos/cmdb/apps/mgmt/models.py", line 67, in _get_all_permissions_by_cache
    return self.get_all_permissions()
  File "/Users/mmt/PycharmProjects/djangos/cmdb/apps/mgmt/models.py", line 72, in get_all_permissions
    self._get_all_permissions_by_cache(time.time()//settings.PERMISSION_CACHE_TIME)
  File "/Users/mmt/PycharmProjects/djangos/cmdb/apps/mgmt/models.py", line 67, in _get_all_permissions_by_cache
    return self.get_all_permissions()
  File "/Users/mmt/PycharmProjects/djangos/cmdb/apps/mgmt/models.py", line 72, in get_all_permissions
    self._get_all_permissions_by_cache(time.time()//settings.PERMISSION_CACHE_TIME)
  File "/Users/mmt/PycharmProjects/djangos/cmdb/apps/mgmt/models.py", line 67, in _get_all_permissions_by_cache
    return self.get_all_permissions()
  File "/Users/mmt/PycharmProjects/djangos/cmdb/apps/mgmt/models.py", line 72, in get_all_permissions
    self._get_all_permissions_by_cache(time.time()//settings.PERMISSION_CACHE_TIME)
  File "/Users/mmt/PycharmProjects/djangos/cmdb/apps/mgmt/models.py", line 67, in _get_all_permissions_by_cache
    return self.get_all_permissions()
  File "/Users/mmt/PycharmProjects/djangos/cmdb/apps/mgmt/models.py", line 72, in get_all_permissions
    self._get_all_permissions_by_cache(time.time()//settings.PERMISSION_CACHE_TIME)
  File "/Users/mmt/PycharmProjects/djangos/cmdb/apps/mgmt/models.py", line 67, in _get_all_permissions_by_cache
    return self.get_all_permissions()
  File "/Users/mmt/PycharmProjects/djangos/cmdb/apps/mgmt/models.py", line 72, in get_all_permissions
    self._get_all_permissions_by_cache(time.time()//settings.PERMISSION_CACHE_TIME)
  File "/Users/mmt/PycharmProjects/djangos/cmdb/apps/mgmt/models.py", line 67, in _get_all_permissions_by_cache
    return self.get_all_permissions()
  File "/Users/mmt/PycharmProjects/djangos/cmdb/apps/mgmt/models.py", line 72, in get_all_permissions
    self._get_all_permissions_by_cache(time.time()//settings.PERMISSION_CACHE_TIME)
  File "/Users/mmt/PycharmProjects/djangos/cmdb/apps/mgmt/models.py", line 67, in _get_all_permissions_by_cache
    return self.get_all_permissions()
  File "/Users/mmt/PycharmProjects/djangos/cmdb/apps/mgmt/models.py", line 72, in get_all_permissions
    self._get_all_permissions_by_cache(time.time()//settings.PERMISSION_CACHE_TIME)
  File "/Users/mmt/PycharmProjects/djangos/cmdb/apps/mgmt/models.py", line 67, in _get_all_permissions_by_cache
    return self.get_all_permissions()
  File "/Users/mmt/PycharmProjects/djangos/cmdb/apps/mgmt/models.py", line 72, in get_all_permissions
    self._get_all_permissions_by_cache(time.time()//settings.PERMISSION_CACHE_TIME)
  File "/Users/mmt/PycharmProjects/djangos/cmdb/apps/mgmt/models.py", line 67, in _get_all_permissions_by_cache
    return self.get_all_permissions()
  File "/Users/mmt/PycharmProjects/djangos/cmdb/apps/mgmt/models.py", line 72, in get_all_permissions
    self._get_all_permissions_by_cache(time.time()//settings.PERMISSION_CACHE_TIME)
  File "/Users/mmt/PycharmProjects/djangos/cmdb/apps/mgmt/models.py", line 67, in _get_all_permissions_by_cache
    return self.get_all_permissions()
  File "/Users/mmt/PycharmProjects/djangos/cmdb/apps/mgmt/models.py", line 72, in get_all_permissions
    self._get_all_permissions_by_cache(time.time()//settings.PERMISSION_CACHE_TIME)
  File "/Users/mmt/PycharmProjects/djangos/cmdb/apps/mgmt/models.py", line 67, in _get_all_permissions_by_cache
    return self.get_all_permissions()
  File "/Users/mmt/PycharmProjects/djangos/cmdb/apps/mgmt/models.py", line 72, in get_all_permissions
    self._get_all_permissions_by_cache(time.time()//settings.PERMISSION_CACHE_TIME)
  File "/Users/mmt/PycharmProjects/djangos/cmdb/apps/mgmt/models.py", line 67, in _get_all_permissions_by_cache
    return self.get_all_permissions()
  File "/Users/mmt/PycharmProjects/djangos/cmdb/apps/mgmt/models.py", line 72, in get_all_permissions
    self._get_all_permissions_by_cache(time.time()//settings.PERMISSION_CACHE_TIME)
  File "/Users/mmt/PycharmProjects/djangos/cmdb/apps/mgmt/models.py", line 67, in _get_all_permissions_by_cache
    return self.get_all_permissions()
  File "/Users/mmt/PycharmProjects/djangos/cmdb/apps/mgmt/models.py", line 72, in get_all_permissions
    self._get_all_permissions_by_cache(time.time()//settings.PERMISSION_CACHE_TIME)
  File "/Users/mmt/PycharmProjects/djangos/cmdb/apps/mgmt/models.py", line 67, in _get_all_permissions_by_cache
    return self.get_all_permissions()
  File "/Users/mmt/PycharmProjects/djangos/cmdb/apps/mgmt/models.py", line 72, in get_all_permissions
    self._get_all_permissions_by_cache(time.time()//settings.PERMISSION_CACHE_TIME)
  File "/Users/mmt/PycharmProjects/djangos/cmdb/apps/mgmt/models.py", line 67, in _get_all_permissions_by_cache
    return self.get_all_permissions()
  File "/Users/mmt/PycharmProjects/djangos/cmdb/apps/mgmt/models.py", line 72, in get_all_permissions
    self._get_all_permissions_by_cache(time.time()//settings.PERMISSION_CACHE_TIME)
  File "/Users/mmt/PycharmProjects/djangos/cmdb/apps/mgmt/models.py", line 67, in _get_all_permissions_by_cache
    return self.get_all_permissions()
  File "/Users/mmt/PycharmProjects/djangos/cmdb/apps/mgmt/models.py", line 72, in get_all_permissions
    self._get_all_permissions_by_cache(time.time()//settings.PERMISSION_CACHE_TIME)
  File "/Users/mmt/PycharmProjects/djangos/cmdb/apps/mgmt/models.py", line 67, in _get_all_permissions_by_cache
    return self.get_all_permissions()
  File "/Users/mmt/PycharmProjects/djangos/cmdb/apps/mgmt/models.py", line 72, in get_all_permissions
    self._get_all_permissions_by_cache(time.time()//settings.PERMISSION_CACHE_TIME)
  File "/Users/mmt/PycharmProjects/djangos/cmdb/apps/mgmt/models.py", line 67, in _get_all_permissions_by_cache
    return self.get_all_permissions()
  File "/Users/mmt/PycharmProjects/djangos/cmdb/apps/mgmt/models.py", line 72, in get_all_permissions
    self._get_all_permissions_by_cache(time.time()//settings.PERMISSION_CACHE_TIME)
  File "/Users/mmt/PycharmProjects/djangos/cmdb/apps/mgmt/models.py", line 67, in _get_all_permissions_by_cache
    return self.get_all_permissions()
  File "/Users/mmt/PycharmProjects/djangos/cmdb/apps/mgmt/models.py", line 72, in get_all_permissions
    self._get_all_permissions_by_cache(time.time()//settings.PERMISSION_CACHE_TIME)
  File "/Users/mmt/PycharmProjects/djangos/cmdb/apps/mgmt/models.py", line 67, in _get_all_permissions_by_cache
    return self.get_all_permissions()
  File "/Users/mmt/PycharmProjects/djangos/cmdb/apps/mgmt/models.py", line 72, in get_all_permissions
    self._get_all_permissions_by_cache(time.time()//settings.PERMISSION_CACHE_TIME)
  File "/Users/mmt/PycharmProjects/djangos/cmdb/apps/mgmt/models.py", line 67, in _get_all_permissions_by_cache
    return self.get_all_permissions()
  File "/Users/mmt/PycharmProjects/djangos/cmdb/apps/mgmt/models.py", line 72, in get_all_permissions
    self._get_all_permissions_by_cache(time.time()//settings.PERMISSION_CACHE_TIME)
  File "/Users/mmt/PycharmProjects/djangos/cmdb/apps/mgmt/models.py", line 67, in _get_all_permissions_by_cache
    return self.get_all_permissions()
  File "/Users/mmt/PycharmProjects/djangos/cmdb/apps/mgmt/models.py", line 72, in get_all_permissions
    self._get_all_permissions_by_cache(time.time()//settings.PERMISSION_CACHE_TIME)
  File "/Users/mmt/PycharmProjects/djangos/cmdb/apps/mgmt/models.py", line 67, in _get_all_permissions_by_cache
    return self.get_all_permissions()
  File "/Users/mmt/PycharmProjects/djangos/cmdb/apps/mgmt/models.py", line 72, in get_all_permissions
    self._get_all_permissions_by_cache(time.time()//settings.PERMISSION_CACHE_TIME)
  File "/Users/mmt/PycharmProjects/djangos/cmdb/apps/mgmt/models.py", line 67, in _get_all_permissions_by_cache
    return self.get_all_permissions()
  File "/Users/mmt/PycharmProjects/djangos/cmdb/apps/mgmt/models.py", line 72, in get_all_permissions
    self._get_all_permissions_by_cache(time.time()//settings.PERMISSION_CACHE_TIME)
  File "/Users/mmt/PycharmProjects/djangos/cmdb/apps/mgmt/models.py", line 67, in _get_all_permissions_by_cache
    return self.get_all_permissions()
  File "/Users/mmt/PycharmProjects/djangos/cmdb/apps/mgmt/models.py", line 72, in get_all_permissions
    self._get_all_permissions_by_cache(time.time()//settings.PERMISSION_CACHE_TIME)
  File "/Users/mmt/PycharmProjects/djangos/cmdb/apps/mgmt/models.py", line 67, in _get_all_permissions_by_cache
    return self.get_all_permissions()
  File "/Users/mmt/PycharmProjects/djangos/cmdb/apps/mgmt/models.py", line 72, in get_all_permissions
    self._get_all_permissions_by_cache(time.time()//settings.PERMISSION_CACHE_TIME)
  File "/Users/mmt/PycharmProjects/djangos/cmdb/apps/mgmt/models.py", line 67, in _get_all_permissions_by_cache
    return self.get_all_permissions()
  File "/Users/mmt/PycharmProjects/djangos/cmdb/apps/mgmt/models.py", line 72, in get_all_permissions
    self._get_all_permissions_by_cache(time.time()//settings.PERMISSION_CACHE_TIME)
  File "/Users/mmt/PycharmProjects/djangos/cmdb/apps/mgmt/models.py", line 67, in _get_all_permissions_by_cache
    return self.get_all_permissions()
  File "/Users/mmt/PycharmProjects/djangos/cmdb/apps/mgmt/models.py", line 72, in get_all_permissions
    self._get_all_permissions_by_cache(time.time()//settings.PERMISSION_CACHE_TIME)
  File "/Users/mmt/PycharmProjects/djangos/cmdb/apps/mgmt/models.py", line 67, in _get_all_permissions_by_cache
    return self.get_all_permissions()
  File "/Users/mmt/PycharmProjects/djangos/cmdb/apps/mgmt/models.py", line 72, in get_all_permissions
    self._get_all_permissions_by_cache(time.time()//settings.PERMISSION_CACHE_TIME)
  File "/Users/mmt/PycharmProjects/djangos/cmdb/apps/mgmt/models.py", line 67, in _get_all_permissions_by_cache
    return self.get_all_permissions()
  File "/Users/mmt/PycharmProjects/djangos/cmdb/apps/mgmt/models.py", line 72, in get_all_permissions
    self._get_all_permissions_by_cache(time.time()//settings.PERMISSION_CACHE_TIME)
  File "/Users/mmt/PycharmProjects/djangos/cmdb/apps/mgmt/models.py", line 67, in _get_all_permissions_by_cache
    return self.get_all_permissions()
  File "/Users/mmt/PycharmProjects/djangos/cmdb/apps/mgmt/models.py", line 72, in get_all_permissions
    self._get_all_permissions_by_cache(time.time()//settings.PERMISSION_CACHE_TIME)
  File "/Users/mmt/PycharmProjects/djangos/cmdb/apps/mgmt/models.py", line 67, in _get_all_permissions_by_cache
    return self.get_all_permissions()
  File "/Users/mmt/PycharmProjects/djangos/cmdb/apps/mgmt/models.py", line 72, in get_all_permissions
    self._get_all_permissions_by_cache(time.time()//settings.PERMISSION_CACHE_TIME)
  File "/Users/mmt/PycharmProjects/djangos/cmdb/apps/mgmt/models.py", line 67, in _get_all_permissions_by_cache
    return self.get_all_permissions()
  File "/Users/mmt/PycharmProjects/djangos/cmdb/apps/mgmt/models.py", line 72, in get_all_permissions
    self._get_all_permissions_by_cache(time.time()//settings.PERMISSION_CACHE_TIME)
  File "/Users/mmt/PycharmProjects/djangos/cmdb/apps/mgmt/models.py", line 67, in _get_all_permissions_by_cache
    return self.get_all_permissions()
  File "/Users/mmt/PycharmProjects/djangos/cmdb/apps/mgmt/models.py", line 72, in get_all_permissions
    self._get_all_permissions_by_cache(time.time()//settings.PERMISSION_CACHE_TIME)
  File "/Users/mmt/PycharmProjects/djangos/cmdb/apps/mgmt/models.py", line 67, in _get_all_permissions_by_cache
    return self.get_all_permissions()
  File "/Users/mmt/PycharmProjects/djangos/cmdb/apps/mgmt/models.py", line 72, in get_all_permissions
    self._get_all_permissions_by_cache(time.time()//settings.PERMISSION_CACHE_TIME)
  File "/Users/mmt/PycharmProjects/djangos/cmdb/apps/mgmt/models.py", line 67, in _get_all_permissions_by_cache
    return self.get_all_permissions()
  File "/Users/mmt/PycharmProjects/djangos/cmdb/apps/mgmt/models.py", line 72, in get_all_permissions
    self._get_all_permissions_by_cache(time.time()//settings.PERMISSION_CACHE_TIME)
  File "/Users/mmt/PycharmProjects/djangos/cmdb/apps/mgmt/models.py", line 67, in _get_all_permissions_by_cache
    return self.get_all_permissions()
  File "/Users/mmt/PycharmProjects/djangos/cmdb/apps/mgmt/models.py", line 72, in get_all_permissions
    self._get_all_permissions_by_cache(time.time()//settings.PERMISSION_CACHE_TIME)
  File "/Users/mmt/PycharmProjects/djangos/cmdb/apps/mgmt/models.py", line 67, in _get_all_permissions_by_cache
    return self.get_all_permissions()
  File "/Users/mmt/PycharmProjects/djangos/cmdb/apps/mgmt/models.py", line 72, in get_all_permissions
    self._get_all_permissions_by_cache(time.time()//settings.PERMISSION_CACHE_TIME)
  File "/Users/mmt/PycharmProjects/djangos/cmdb/apps/mgmt/models.py", line 67, in _get_all_permissions_by_cache
    return self.get_all_permissions()
  File "/Users/mmt/PycharmProjects/djangos/cmdb/apps/mgmt/models.py", line 72, in get_all_permissions
    self._get_all_permissions_by_cache(time.time()//settings.PERMISSION_CACHE_TIME)
  File "/Users/mmt/PycharmProjects/djangos/cmdb/apps/mgmt/models.py", line 67, in _get_all_permissions_by_cache
    return self.get_all_permissions()
  File "/Users/mmt/PycharmProjects/djangos/cmdb/apps/mgmt/models.py", line 72, in get_all_permissions
    self._get_all_permissions_by_cache(time.time()//settings.PERMISSION_CACHE_TIME)
  File "/Users/mmt/PycharmProjects/djangos/cmdb/apps/mgmt/models.py", line 67, in _get_all_permissions_by_cache
    return self.get_all_permissions()
  File "/Users/mmt/PycharmProjects/djangos/cmdb/apps/mgmt/models.py", line 72, in get_all_permissions
    self._get_all_permissions_by_cache(time.time()//settings.PERMISSION_CACHE_TIME)
  File "/Users/mmt/PycharmProjects/djangos/cmdb/apps/mgmt/models.py", line 67, in _get_all_permissions_by_cache
    return self.get_all_permissions()
  File "/Users/mmt/PycharmProjects/djangos/cmdb/apps/mgmt/models.py", line 72, in get_all_permissions
    self._get_all_permissions_by_cache(time.time()//settings.PERMISSION_CACHE_TIME)
  File "/Users/mmt/PycharmProjects/djangos/cmdb/apps/mgmt/models.py", line 67, in _get_all_permissions_by_cache
    return self.get_all_permissions()
  File "/Users/mmt/PycharmProjects/djangos/cmdb/apps/mgmt/models.py", line 72, in get_all_permissions
    self._get_all_permissions_by_cache(time.time()//settings.PERMISSION_CACHE_TIME)
  File "/Users/mmt/PycharmProjects/djangos/cmdb/apps/mgmt/models.py", line 67, in _get_all_permissions_by_cache
    return self.get_all_permissions()
  File "/Users/mmt/PycharmProjects/djangos/cmdb/apps/mgmt/models.py", line 72, in get_all_permissions
    self._get_all_permissions_by_cache(time.time()//settings.PERMISSION_CACHE_TIME)
  File "/Users/mmt/PycharmProjects/djangos/cmdb/apps/mgmt/models.py", line 67, in _get_all_permissions_by_cache
    return self.get_all_permissions()
  File "/Users/mmt/PycharmProjects/djangos/cmdb/apps/mgmt/models.py", line 72, in get_all_permissions
    self._get_all_permissions_by_cache(time.time()//settings.PERMISSION_CACHE_TIME)
  File "/Users/mmt/PycharmProjects/djangos/cmdb/apps/mgmt/models.py", line 67, in _get_all_permissions_by_cache
    return self.get_all_permissions()
  File "/Users/mmt/PycharmProjects/djangos/cmdb/apps/mgmt/models.py", line 72, in get_all_permissions
    self._get_all_permissions_by_cache(time.time()//settings.PERMISSION_CACHE_TIME)
  File "/Users/mmt/PycharmProjects/djangos/cmdb/apps/mgmt/models.py", line 67, in _get_all_permissions_by_cache
    return self.get_all_permissions()
  File "/Users/mmt/PycharmProjects/djangos/cmdb/apps/mgmt/models.py", line 72, in get_all_permissions
    self._get_all_permissions_by_cache(time.time()//settings.PERMISSION_CACHE_TIME)
  File "/Users/mmt/PycharmProjects/djangos/cmdb/apps/mgmt/models.py", line 67, in _get_all_permissions_by_cache
    return self.get_all_permissions()
  File "/Users/mmt/PycharmProjects/djangos/cmdb/apps/mgmt/models.py", line 72, in get_all_permissions
    self._get_all_permissions_by_cache(time.time()//settings.PERMISSION_CACHE_TIME)
  File "/Users/mmt/PycharmProjects/djangos/cmdb/apps/mgmt/models.py", line 67, in _get_all_permissions_by_cache
    return self.get_all_permissions()
  File "/Users/mmt/PycharmProjects/djangos/cmdb/apps/mgmt/models.py", line 72, in get_all_permissions
    self._get_all_permissions_by_cache(time.time()//settings.PERMISSION_CACHE_TIME)
  File "/Users/mmt/PycharmProjects/djangos/cmdb/apps/mgmt/models.py", line 67, in _get_all_permissions_by_cache
    return self.get_all_permissions()
  File "/Users/mmt/PycharmProjects/djangos/cmdb/apps/mgmt/models.py", line 72, in get_all_permissions
    self._get_all_permissions_by_cache(time.time()//settings.PERMISSION_CACHE_TIME)
  File "/Users/mmt/PycharmProjects/djangos/cmdb/apps/mgmt/models.py", line 67, in _get_all_permissions_by_cache
    return self.get_all_permissions()
  File "/Users/mmt/PycharmProjects/djangos/cmdb/apps/mgmt/models.py", line 72, in get_all_permissions
    self._get_all_permissions_by_cache(time.time()//settings.PERMISSION_CACHE_TIME)
  File "/Users/mmt/PycharmProjects/djangos/cmdb/apps/mgmt/models.py", line 67, in _get_all_permissions_by_cache
    return self.get_all_permissions()
  File "/Users/mmt/PycharmProjects/djangos/cmdb/apps/mgmt/models.py", line 72, in get_all_permissions
    self._get_all_permissions_by_cache(time.time()//settings.PERMISSION_CACHE_TIME)
  File "/Users/mmt/PycharmProjects/djangos/cmdb/apps/mgmt/models.py", line 67, in _get_all_permissions_by_cache
    return self.get_all_permissions()
  File "/Users/mmt/PycharmProjects/djangos/cmdb/apps/mgmt/models.py", line 72, in get_all_permissions
    self._get_all_permissions_by_cache(time.time()//settings.PERMISSION_CACHE_TIME)
  File "/Users/mmt/PycharmProjects/djangos/cmdb/apps/mgmt/models.py", line 67, in _get_all_permissions_by_cache
    return self.get_all_permissions()
  File "/Users/mmt/PycharmProjects/djangos/cmdb/apps/mgmt/models.py", line 72, in get_all_permissions
    self._get_all_permissions_by_cache(time.time()//settings.PERMISSION_CACHE_TIME)
  File "/Users/mmt/PycharmProjects/djangos/cmdb/apps/mgmt/models.py", line 67, in _get_all_permissions_by_cache
    return self.get_all_permissions()
  File "/Users/mmt/PycharmProjects/djangos/cmdb/apps/mgmt/models.py", line 72, in get_all_permissions
    self._get_all_permissions_by_cache(time.time()//settings.PERMISSION_CACHE_TIME)
  File "/Users/mmt/PycharmProjects/djangos/cmdb/apps/mgmt/models.py", line 67, in _get_all_permissions_by_cache
    return self.get_all_permissions()
  File "/Users/mmt/PycharmProjects/djangos/cmdb/apps/mgmt/models.py", line 72, in get_all_permissions
    self._get_all_permissions_by_cache(time.time()//settings.PERMISSION_CACHE_TIME)
  File "/Users/mmt/PycharmProjects/djangos/cmdb/apps/mgmt/models.py", line 67, in _get_all_permissions_by_cache
    return self.get_all_permissions()
  File "/Users/mmt/PycharmProjects/djangos/cmdb/apps/mgmt/models.py", line 72, in get_all_permissions
    self._get_all_permissions_by_cache(time.time()//settings.PERMISSION_CACHE_TIME)
  File "/Users/mmt/PycharmProjects/djangos/cmdb/apps/mgmt/models.py", line 67, in _get_all_permissions_by_cache
    return self.get_all_permissions()
  File "/Users/mmt/PycharmProjects/djangos/cmdb/apps/mgmt/models.py", line 72, in get_all_permissions
    self._get_all_permissions_by_cache(time.time()//settings.PERMISSION_CACHE_TIME)
  File "/Users/mmt/PycharmProjects/djangos/cmdb/apps/mgmt/models.py", line 67, in _get_all_permissions_by_cache
    return self.get_all_permissions()
  File "/Users/mmt/PycharmProjects/djangos/cmdb/apps/mgmt/models.py", line 72, in get_all_permissions
    self._get_all_permissions_by_cache(time.time()//settings.PERMISSION_CACHE_TIME)
  File "/Users/mmt/PycharmProjects/djangos/cmdb/apps/mgmt/models.py", line 67, in _get_all_permissions_by_cache
    return self.get_all_permissions()
  File "/Users/mmt/PycharmProjects/djangos/cmdb/apps/mgmt/models.py", line 72, in get_all_permissions
    self._get_all_permissions_by_cache(time.time()//settings.PERMISSION_CACHE_TIME)
  File "/Users/mmt/PycharmProjects/djangos/cmdb/apps/mgmt/models.py", line 67, in _get_all_permissions_by_cache
    return self.get_all_permissions()
  File "/Users/mmt/PycharmProjects/djangos/cmdb/apps/mgmt/models.py", line 72, in get_all_permissions
    self._get_all_permissions_by_cache(time.time()//settings.PERMISSION_CACHE_TIME)
  File "/Users/mmt/PycharmProjects/djangos/cmdb/apps/mgmt/models.py", line 67, in _get_all_permissions_by_cache
    return self.get_all_permissions()
  File "/Users/mmt/PycharmProjects/djangos/cmdb/apps/mgmt/models.py", line 72, in get_all_permissions
    self._get_all_permissions_by_cache(time.time()//settings.PERMISSION_CACHE_TIME)
  File "/Users/mmt/PycharmProjects/djangos/cmdb/apps/mgmt/models.py", line 67, in _get_all_permissions_by_cache
    return self.get_all_permissions()
  File "/Users/mmt/PycharmProjects/djangos/cmdb/apps/mgmt/models.py", line 72, in get_all_permissions
    self._get_all_permissions_by_cache(time.time()//settings.PERMISSION_CACHE_TIME)
  File "/Users/mmt/PycharmProjects/djangos/cmdb/apps/mgmt/models.py", line 67, in _get_all_permissions_by_cache
    return self.get_all_permissions()
  File "/Users/mmt/PycharmProjects/djangos/cmdb/apps/mgmt/models.py", line 72, in get_all_permissions
    self._get_all_permissions_by_cache(time.time()//settings.PERMISSION_CACHE_TIME)
  File "/Users/mmt/PycharmProjects/djangos/cmdb/apps/mgmt/models.py", line 67, in _get_all_permissions_by_cache
    return self.get_all_permissions()
  File "/Users/mmt/PycharmProjects/djangos/cmdb/apps/mgmt/models.py", line 72, in get_all_permissions
    self._get_all_permissions_by_cache(time.time()//settings.PERMISSION_CACHE_TIME)
  File "/Users/mmt/PycharmProjects/djangos/cmdb/apps/mgmt/models.py", line 67, in _get_all_permissions_by_cache
    return self.get_all_permissions()
  File "/Users/mmt/PycharmProjects/djangos/cmdb/apps/mgmt/models.py", line 72, in get_all_permissions
    self._get_all_permissions_by_cache(time.time()//settings.PERMISSION_CACHE_TIME)
  File "/Users/mmt/PycharmProjects/djangos/cmdb/apps/mgmt/models.py", line 67, in _get_all_permissions_by_cache
    return self.get_all_permissions()
  File "/Users/mmt/PycharmProjects/djangos/cmdb/apps/mgmt/models.py", line 72, in get_all_permissions
    self._get_all_permissions_by_cache(time.time()//settings.PERMISSION_CACHE_TIME)
  File "/Users/mmt/PycharmProjects/djangos/cmdb/apps/mgmt/models.py", line 67, in _get_all_permissions_by_cache
    return self.get_all_permissions()
  File "/Users/mmt/PycharmProjects/djangos/cmdb/apps/mgmt/models.py", line 72, in get_all_permissions
    self._get_all_permissions_by_cache(time.time()//settings.PERMISSION_CACHE_TIME)
  File "/Users/mmt/PycharmProjects/djangos/cmdb/apps/mgmt/models.py", line 67, in _get_all_permissions_by_cache
    return self.get_all_permissions()
  File "/Users/mmt/PycharmProjects/djangos/cmdb/apps/mgmt/models.py", line 72, in get_all_permissions
    self._get_all_permissions_by_cache(time.time()//settings.PERMISSION_CACHE_TIME)
  File "/Users/mmt/PycharmProjects/djangos/cmdb/apps/mgmt/models.py", line 67, in _get_all_permissions_by_cache
    return self.get_all_permissions()
  File "/Users/mmt/PycharmProjects/djangos/cmdb/apps/mgmt/models.py", line 72, in get_all_permissions
    self._get_all_permissions_by_cache(time.time()//settings.PERMISSION_CACHE_TIME)
  File "/Users/mmt/PycharmProjects/djangos/cmdb/apps/mgmt/models.py", line 67, in _get_all_permissions_by_cache
    return self.get_all_permissions()
  File "/Users/mmt/PycharmProjects/djangos/cmdb/apps/mgmt/models.py", line 72, in get_all_permissions
    self._get_all_permissions_by_cache(time.time()//settings.PERMISSION_CACHE_TIME)
  File "/Users/mmt/PycharmProjects/djangos/cmdb/apps/mgmt/models.py", line 67, in _get_all_permissions_by_cache
    return self.get_all_permissions()
  File "/Users/mmt/PycharmProjects/djangos/cmdb/apps/mgmt/models.py", line 72, in get_all_permissions
    self._get_all_permissions_by_cache(time.time()//settings.PERMISSION_CACHE_TIME)
  File "/Users/mmt/PycharmProjects/djangos/cmdb/apps/mgmt/models.py", line 67, in _get_all_permissions_by_cache
    return self.get_all_permissions()
  File "/Users/mmt/PycharmProjects/djangos/cmdb/apps/mgmt/models.py", line 72, in get_all_permissions
    self._get_all_permissions_by_cache(time.time()//settings.PERMISSION_CACHE_TIME)
  File "/Users/mmt/PycharmProjects/djangos/cmdb/apps/mgmt/models.py", line 67, in _get_all_permissions_by_cache
    return self.get_all_permissions()
  File "/Users/mmt/PycharmProjects/djangos/cmdb/apps/mgmt/models.py", line 72, in get_all_permissions
    self._get_all_permissions_by_cache(time.time()//settings.PERMISSION_CACHE_TIME)
  File "/Users/mmt/PycharmProjects/djangos/cmdb/apps/mgmt/models.py", line 67, in _get_all_permissions_by_cache
    return self.get_all_permissions()
  File "/Users/mmt/PycharmProjects/djangos/cmdb/apps/mgmt/models.py", line 72, in get_all_permissions
    self._get_all_permissions_by_cache(time.time()//settings.PERMISSION_CACHE_TIME)
  File "/Users/mmt/PycharmProjects/djangos/cmdb/apps/mgmt/models.py", line 67, in _get_all_permissions_by_cache
    return self.get_all_permissions()
  File "/Users/mmt/PycharmProjects/djangos/cmdb/apps/mgmt/models.py", line 72, in get_all_permissions
    self._get_all_permissions_by_cache(time.time()//settings.PERMISSION_CACHE_TIME)
  File "/Users/mmt/PycharmProjects/djangos/cmdb/apps/mgmt/models.py", line 67, in _get_all_permissions_by_cache
    return self.get_all_permissions()
  File "/Users/mmt/PycharmProjects/djangos/cmdb/apps/mgmt/models.py", line 72, in get_all_permissions
    self._get_all_permissions_by_cache(time.time()//settings.PERMISSION_CACHE_TIME)
  File "/Users/mmt/PycharmProjects/djangos/cmdb/apps/mgmt/models.py", line 67, in _get_all_permissions_by_cache
    return self.get_all_permissions()
  File "/Users/mmt/PycharmProjects/djangos/cmdb/apps/mgmt/models.py", line 72, in get_all_permissions
    self._get_all_permissions_by_cache(time.time()//settings.PERMISSION_CACHE_TIME)
  File "/Users/mmt/PycharmProjects/djangos/cmdb/apps/mgmt/models.py", line 67, in _get_all_permissions_by_cache
    return self.get_all_permissions()
  File "/Users/mmt/PycharmProjects/djangos/cmdb/apps/mgmt/models.py", line 72, in get_all_permissions
    self._get_all_permissions_by_cache(time.time()//settings.PERMISSION_CACHE_TIME)
  File "/Users/mmt/PycharmProjects/djangos/cmdb/apps/mgmt/models.py", line 67, in _get_all_permissions_by_cache
    return self.get_all_permissions()
  File "/Users/mmt/PycharmProjects/djangos/cmdb/apps/mgmt/models.py", line 72, in get_all_permissions
    self._get_all_permissions_by_cache(time.time()//settings.PERMISSION_CACHE_TIME)
  File "/Users/mmt/PycharmProjects/djangos/cmdb/apps/mgmt/models.py", line 67, in _get_all_permissions_by_cache
    return self.get_all_permissions()
  File "/Users/mmt/PycharmProjects/djangos/cmdb/apps/mgmt/models.py", line 72, in get_all_permissions
    self._get_all_permissions_by_cache(time.time()//settings.PERMISSION_CACHE_TIME)
  File "/Users/mmt/PycharmProjects/djangos/cmdb/apps/mgmt/models.py", line 67, in _get_all_permissions_by_cache
    return self.get_all_permissions()
  File "/Users/mmt/PycharmProjects/djangos/cmdb/apps/mgmt/models.py", line 72, in get_all_permissions
    self._get_all_permissions_by_cache(time.time()//settings.PERMISSION_CACHE_TIME)
  File "/Users/mmt/PycharmProjects/djangos/cmdb/apps/mgmt/models.py", line 67, in _get_all_permissions_by_cache
    return self.get_all_permissions()
  File "/Users/mmt/PycharmProjects/djangos/cmdb/apps/mgmt/models.py", line 72, in get_all_permissions
    self._get_all_permissions_by_cache(time.time()//settings.PERMISSION_CACHE_TIME)
  File "/Users/mmt/PycharmProjects/djangos/cmdb/apps/mgmt/models.py", line 67, in _get_all_permissions_by_cache
    return self.get_all_permissions()
  File "/Users/mmt/PycharmProjects/djangos/cmdb/apps/mgmt/models.py", line 72, in get_all_permissions
    self._get_all_permissions_by_cache(time.time()//settings.PERMISSION_CACHE_TIME)
  File "/Users/mmt/PycharmProjects/djangos/cmdb/apps/mgmt/models.py", line 67, in _get_all_permissions_by_cache
    return self.get_all_permissions()
  File "/Users/mmt/PycharmProjects/djangos/cmdb/apps/mgmt/models.py", line 72, in get_all_permissions
    self._get_all_permissions_by_cache(time.time()//settings.PERMISSION_CACHE_TIME)
  File "/Users/mmt/PycharmProjects/djangos/cmdb/apps/mgmt/models.py", line 67, in _get_all_permissions_by_cache
    return self.get_all_permissions()
  File "/Users/mmt/PycharmProjects/djangos/cmdb/apps/mgmt/models.py", line 72, in get_all_permissions
    self._get_all_permissions_by_cache(time.time()//settings.PERMISSION_CACHE_TIME)
  File "/Users/mmt/PycharmProjects/djangos/cmdb/apps/mgmt/models.py", line 67, in _get_all_permissions_by_cache
    return self.get_all_permissions()
  File "/Users/mmt/PycharmProjects/djangos/cmdb/apps/mgmt/models.py", line 72, in get_all_permissions
    self._get_all_permissions_by_cache(time.time()//settings.PERMISSION_CACHE_TIME)
  File "/Users/mmt/PycharmProjects/djangos/cmdb/apps/mgmt/models.py", line 67, in _get_all_permissions_by_cache
    return self.get_all_permissions()
  File "/Users/mmt/PycharmProjects/djangos/cmdb/apps/mgmt/models.py", line 72, in get_all_permissions
    self._get_all_permissions_by_cache(time.time()//settings.PERMISSION_CACHE_TIME)
  File "/Users/mmt/PycharmProjects/djangos/cmdb/apps/mgmt/models.py", line 67, in _get_all_permissions_by_cache
    return self.get_all_permissions()
  File "/Users/mmt/PycharmProjects/djangos/cmdb/apps/mgmt/models.py", line 72, in get_all_permissions
    self._get_all_permissions_by_cache(time.time()//settings.PERMISSION_CACHE_TIME)
  File "/Users/mmt/PycharmProjects/djangos/cmdb/apps/mgmt/models.py", line 67, in _get_all_permissions_by_cache
    return self.get_all_permissions()
  File "/Users/mmt/PycharmProjects/djangos/cmdb/apps/mgmt/models.py", line 72, in get_all_permissions
    self._get_all_permissions_by_cache(time.time()//settings.PERMISSION_CACHE_TIME)
  File "/Users/mmt/PycharmProjects/djangos/cmdb/apps/mgmt/models.py", line 67, in _get_all_permissions_by_cache
    return self.get_all_permissions()
  File "/Users/mmt/PycharmProjects/djangos/cmdb/apps/mgmt/models.py", line 72, in get_all_permissions
    self._get_all_permissions_by_cache(time.time()//settings.PERMISSION_CACHE_TIME)
  File "/Users/mmt/PycharmProjects/djangos/cmdb/apps/mgmt/models.py", line 67, in _get_all_permissions_by_cache
    return self.get_all_permissions()
  File "/Users/mmt/PycharmProjects/djangos/cmdb/apps/mgmt/models.py", line 72, in get_all_permissions
    self._get_all_permissions_by_cache(time.time()//settings.PERMISSION_CACHE_TIME)
  File "/Users/mmt/PycharmProjects/djangos/cmdb/apps/mgmt/models.py", line 67, in _get_all_permissions_by_cache
    return self.get_all_permissions()
  File "/Users/mmt/PycharmProjects/djangos/cmdb/apps/mgmt/models.py", line 72, in get_all_permissions
    self._get_all_permissions_by_cache(time.time()//settings.PERMISSION_CACHE_TIME)
  File "/Users/mmt/PycharmProjects/djangos/cmdb/apps/mgmt/models.py", line 67, in _get_all_permissions_by_cache
    return self.get_all_permissions()
  File "/Users/mmt/PycharmProjects/djangos/cmdb/apps/mgmt/models.py", line 72, in get_all_permissions
    self._get_all_permissions_by_cache(time.time()//settings.PERMISSION_CACHE_TIME)
  File "/Users/mmt/PycharmProjects/djangos/cmdb/apps/mgmt/models.py", line 67, in _get_all_permissions_by_cache
    return self.get_all_permissions()
  File "/Users/mmt/PycharmProjects/djangos/cmdb/apps/mgmt/models.py", line 72, in get_all_permissions
    self._get_all_permissions_by_cache(time.time()//settings.PERMISSION_CACHE_TIME)
  File "/Users/mmt/PycharmProjects/djangos/cmdb/apps/mgmt/models.py", line 67, in _get_all_permissions_by_cache
    return self.get_all_permissions()
  File "/Users/mmt/PycharmProjects/djangos/cmdb/apps/mgmt/models.py", line 72, in get_all_permissions
    self._get_all_permissions_by_cache(time.time()//settings.PERMISSION_CACHE_TIME)
  File "/Users/mmt/PycharmProjects/djangos/cmdb/apps/mgmt/models.py", line 67, in _get_all_permissions_by_cache
    return self.get_all_permissions()
  File "/Users/mmt/PycharmProjects/djangos/cmdb/apps/mgmt/models.py", line 72, in get_all_permissions
    self._get_all_permissions_by_cache(time.time()//settings.PERMISSION_CACHE_TIME)
  File "/Users/mmt/PycharmProjects/djangos/cmdb/apps/mgmt/models.py", line 67, in _get_all_permissions_by_cache
    return self.get_all_permissions()
  File "/Users/mmt/PycharmProjects/djangos/cmdb/apps/mgmt/models.py", line 72, in get_all_permissions
    self._get_all_permissions_by_cache(time.time()//settings.PERMISSION_CACHE_TIME)
  File "/Users/mmt/PycharmProjects/djangos/cmdb/apps/mgmt/models.py", line 67, in _get_all_permissions_by_cache
    return self.get_all_permissions()
  File "/Users/mmt/PycharmProjects/djangos/cmdb/apps/mgmt/models.py", line 72, in get_all_permissions
    self._get_all_permissions_by_cache(time.time()//settings.PERMISSION_CACHE_TIME)
  File "/Users/mmt/PycharmProjects/djangos/cmdb/apps/mgmt/models.py", line 67, in _get_all_permissions_by_cache
    return self.get_all_permissions()
  File "/Users/mmt/PycharmProjects/djangos/cmdb/apps/mgmt/models.py", line 72, in get_all_permissions
    self._get_all_permissions_by_cache(time.time()//settings.PERMISSION_CACHE_TIME)
  File "/Users/mmt/PycharmProjects/djangos/cmdb/apps/mgmt/models.py", line 67, in _get_all_permissions_by_cache
    return self.get_all_permissions()
  File "/Users/mmt/PycharmProjects/djangos/cmdb/apps/mgmt/models.py", line 72, in get_all_permissions
    self._get_all_permissions_by_cache(time.time()//settings.PERMISSION_CACHE_TIME)
  File "/Users/mmt/PycharmProjects/djangos/cmdb/apps/mgmt/models.py", line 67, in _get_all_permissions_by_cache
    return self.get_all_permissions()
  File "/Users/mmt/PycharmProjects/djangos/cmdb/apps/mgmt/models.py", line 72, in get_all_permissions
    self._get_all_permissions_by_cache(time.time()//settings.PERMISSION_CACHE_TIME)
  File "/Users/mmt/PycharmProjects/djangos/cmdb/apps/mgmt/models.py", line 67, in _get_all_permissions_by_cache
    return self.get_all_permissions()
  File "/Users/mmt/PycharmProjects/djangos/cmdb/apps/mgmt/models.py", line 72, in get_all_permissions
    self._get_all_permissions_by_cache(time.time()//settings.PERMISSION_CACHE_TIME)
  File "/Users/mmt/PycharmProjects/djangos/cmdb/apps/mgmt/models.py", line 67, in _get_all_permissions_by_cache
    return self.get_all_permissions()
  File "/Users/mmt/PycharmProjects/djangos/cmdb/apps/mgmt/models.py", line 72, in get_all_permissions
    self._get_all_permissions_by_cache(time.time()//settings.PERMISSION_CACHE_TIME)
  File "/Users/mmt/PycharmProjects/djangos/cmdb/apps/mgmt/models.py", line 67, in _get_all_permissions_by_cache
    return self.get_all_permissions()
  File "/Users/mmt/PycharmProjects/djangos/cmdb/apps/mgmt/models.py", line 72, in get_all_permissions
    self._get_all_permissions_by_cache(time.time()//settings.PERMISSION_CACHE_TIME)
  File "/Users/mmt/PycharmProjects/djangos/cmdb/apps/mgmt/models.py", line 67, in _get_all_permissions_by_cache
    return self.get_all_permissions()
  File "/Users/mmt/PycharmProjects/djangos/cmdb/apps/mgmt/models.py", line 72, in get_all_permissions
    self._get_all_permissions_by_cache(time.time()//settings.PERMISSION_CACHE_TIME)
  File "/Users/mmt/PycharmProjects/djangos/cmdb/apps/mgmt/models.py", line 67, in _get_all_permissions_by_cache
    return self.get_all_permissions()
  File "/Users/mmt/PycharmProjects/djangos/cmdb/apps/mgmt/models.py", line 72, in get_all_permissions
    self._get_all_permissions_by_cache(time.time()//settings.PERMISSION_CACHE_TIME)
  File "/Users/mmt/PycharmProjects/djangos/cmdb/apps/mgmt/models.py", line 67, in _get_all_permissions_by_cache
    return self.get_all_permissions()
  File "/Users/mmt/PycharmProjects/djangos/cmdb/apps/mgmt/models.py", line 72, in get_all_permissions
    self._get_all_permissions_by_cache(time.time()//settings.PERMISSION_CACHE_TIME)
  File "/Users/mmt/PycharmProjects/djangos/cmdb/apps/mgmt/models.py", line 67, in _get_all_permissions_by_cache
    return self.get_all_permissions()
  File "/Users/mmt/PycharmProjects/djangos/cmdb/apps/mgmt/models.py", line 72, in get_all_permissions
    self._get_all_permissions_by_cache(time.time()//settings.PERMISSION_CACHE_TIME)
  File "/Users/mmt/PycharmProjects/djangos/cmdb/apps/mgmt/models.py", line 67, in _get_all_permissions_by_cache
    return self.get_all_permissions()
  File "/Users/mmt/PycharmProjects/djangos/cmdb/apps/mgmt/models.py", line 72, in get_all_permissions
    self._get_all_permissions_by_cache(time.time()//settings.PERMISSION_CACHE_TIME)
  File "/Users/mmt/PycharmProjects/.django-1.11/lib/python3.6/site-packages/django/db/models/base.py", line 613, in __hash__
    def __hash__(self):
SystemError: <method-wrapper '__call__' of _pydevd_bundle.pydevd_cython_darwin_36_64.ThreadTracer object at 0x11005b978> returned NULL without setting an error

2018-09-08 15:46:49,534 [Thread-55:123145364267008] [default:22] [middleware:process_exception] [ERROR]- Traceback (most recent call last):
  File "/Users/mmt/PycharmProjects/djangos/cmdb/apps/mgmt/views.py", line 142, in send_verify_code
    verify_code_inst = models.RestPWVerifyCode.objects.get(user__username=username)
AttributeError: module 'mgmt.models' has no attribute 'RestPWVerifyCode'

During handling of the above exception, another exception occurred:

Traceback (most recent call last):
  File "/Users/mmt/PycharmProjects/.django-1.11/lib/python3.6/site-packages/django/core/handlers/base.py", line 185, in _get_response
    response = wrapped_callback(request, *callback_args, **callback_kwargs)
  File "/Users/mmt/PycharmProjects/.django-1.11/lib/python3.6/site-packages/django/views/decorators/csrf.py", line 58, in wrapped_view
    return view_func(*args, **kwargs)
  File "/Users/mmt/PycharmProjects/.django-1.11/lib/python3.6/site-packages/rest_framework/viewsets.py", line 95, in view
    return self.dispatch(request, *args, **kwargs)
  File "/Users/mmt/PycharmProjects/.django-1.11/lib/python3.6/site-packages/rest_framework/views.py", line 494, in dispatch
    response = self.handle_exception(exc)
  File "/Users/mmt/PycharmProjects/.django-1.11/lib/python3.6/site-packages/rest_framework/views.py", line 454, in handle_exception
    self.raise_uncaught_exception(exc)
  File "/Users/mmt/PycharmProjects/.django-1.11/lib/python3.6/site-packages/rest_framework/views.py", line 491, in dispatch
    response = handler(request, *args, **kwargs)
  File "/Users/mmt/PycharmProjects/djangos/cmdb/apps/mgmt/views.py", line 143, in send_verify_code
    except models.RestPWVerifyCode.DoesNotExist:
AttributeError: module 'mgmt.models' has no attribute 'RestPWVerifyCode'

2018-09-08 17:26:47,868 [Thread-9:123145442189312] [default:93] [views:destroy] [DEBUG]- mmtNone
2018-09-08 17:28:24,038 [Thread-9:123145431494656] [default:94] [views:destroy] [DEBUG]- mmttest-3
2018-09-08 17:28:49,909 [Thread-11:123145431494656] [default:94] [views:destroy] [DEBUG]- mmttest-4
2018-09-08 17:28:54,496 [Thread-12:123145431494656] [default:94] [views:destroy] [DEBUG]- mmttest-5
2018-09-08 17:28:58,258 [Thread-13:123145431494656] [default:94] [views:destroy] [DEBUG]- mmttest-6
2018-09-08 17:29:02,531 [Thread-14:123145431494656] [default:94] [views:destroy] [DEBUG]- mmttest-7
2018-09-22 14:50:27,178 [Thread-27:123145515151360] [default:94] [views:destroy] [DEBUG]- adminmkmk
2018-09-23 00:54:52,563 [Thread-85:123145375117312] [default:94] [views:destroy] [DEBUG]- admindate
2018-10-13 19:14:34,492 [Thread-57:123145521938432] [default:110] [views:destroy] [DEBUG]- admintest-7
2018-10-13 19:14:41,157 [Thread-58:123145521938432] [default:110] [views:destroy] [DEBUG]- admintest-5
2018-10-13 19:14:46,075 [Thread-59:123145521938432] [default:110] [views:destroy] [DEBUG]- admintest-4
2018-10-13 19:14:49,755 [Thread-60:123145521938432] [default:110] [views:destroy] [DEBUG]- admintest-3
2018-10-13 19:14:53,501 [Thread-61:123145521938432] [default:110] [views:destroy] [DEBUG]- admintest-1
2018-10-13 19:15:02,331 [Thread-62:123145521938432] [default:110] [views:destroy] [DEBUG]- admintest-2
2018-10-13 19:15:10,646 [Thread-63:123145521938432] [default:110] [views:destroy] [DEBUG]- adminphysical-server
2018-10-13 19:21:19,046 [Thread-72:123145521938432] [default:110] [views:destroy] [DEBUG]- admintest-9
2018-10-13 19:21:23,764 [Thread-73:123145521938432] [default:110] [views:destroy] [DEBUG]- admintest-8
